# JRE version: Java(TM) SE Runtime Environment (11.0.4+10) (build 11.0.4+10-LTS)
# Java VM: Java HotSpot(TM) 64-Bit Server VM (11.0.4+10-LTS, mixed mode, tiered, compressed oops, g1 gc, windows-amd64)
Heap:
 garbage-first heap   total 216064K, used 26085K [0x0000000081600000, 0x0000000100000000)
  region size 1024K, 3 young (3072K), 1 survivors (1024K)
 Metaspace       used 58737K, capacity 60177K, committed 60672K, reserved 1101824K
  class space    used 7162K, capacity 7738K, committed 7936K, reserved 1048576K
GC Heap History (10 events):
Event: 1849.217 GC heap before
{Heap before GC invocations=10 (full 0):
 garbage-first heap   total 216064K, used 118649K [0x0000000081600000, 0x0000000100000000)
  region size 1024K, 105 young (107520K), 8 survivors (8192K)
 Metaspace       used 57945K, capacity 59516K, committed 59648K, reserved 1101824K
  class space    used 7232K, capacity 7875K, committed 7936K, reserved 1048576K
}
Event: 1850.841 GC heap after
{Heap after GC invocations=11 (full 0):
 garbage-first heap   total 216064K, used 25002K [0x0000000081600000, 0x0000000100000000)
  region size 1024K, 11 young (11264K), 11 survivors (11264K)
 Metaspace       used 57945K, capacity 59516K, committed 59648K, reserved 1101824K
  class space    used 7232K, capacity 7875K, committed 7936K, reserved 1048576K
}
Event: 1998.623 GC heap before
{Heap before GC invocations=11 (full 0):
 garbage-first heap   total 216064K, used 26026K [0x0000000081600000, 0x0000000100000000)
  region size 1024K, 12 young (12288K), 11 survivors (11264K)
 Metaspace       used 57988K, capacity 59585K, committed 59648K, reserved 1101824K
  class space    used 7232K, capacity 7875K, committed 7936K, reserved 1048576K
}
Event: 1998.654 GC heap after
{Heap after GC invocations=12 (full 0):
 garbage-first heap   total 216064K, used 25546K [0x0000000081600000, 0x0000000100000000)
  region size 1024K, 1 young (1024K), 1 survivors (1024K)
 Metaspace       used 57988K, capacity 59585K, committed 59648K, reserved 1101824K
  class space    used 7232K, capacity 7875K, committed 7936K, reserved 1048576K
}
Event: 4885.424 GC heap before
{Heap before GC invocations=12 (full 0):
 garbage-first heap   total 216064K, used 48074K [0x0000000081600000, 0x0000000100000000)
  region size 1024K, 23 young (23552K), 1 survivors (1024K)
 Metaspace       used 58488K, capacity 60055K, committed 60160K, reserved 1101824K
  class space    used 7233K, capacity 7876K, committed 7936K, reserved 1048576K
}
Event: 4885.469 GC heap after
{Heap after GC invocations=13 (full 0):
 garbage-first heap   total 216064K, used 25359K [0x0000000081600000, 0x0000000100000000)
  region size 1024K, 1 young (1024K), 1 survivors (1024K)
 Metaspace       used 58488K, capacity 60055K, committed 60160K, reserved 1101824K
  class space    used 7233K, capacity 7876K, committed 7936K, reserved 1048576K
}
Event: 4975.603 GC heap before
{Heap before GC invocations=13 (full 0):
 garbage-first heap   total 216064K, used 26383K [0x0000000081600000, 0x0000000100000000)
  region size 1024K, 3 young (3072K), 1 survivors (1024K)
 Metaspace       used 58493K, capacity 60058K, committed 60160K, reserved 1101824K
  class space    used 7233K, capacity 7877K, committed 7936K, reserved 1048576K
}
Event: 4975.653 GC heap after
{Heap after GC invocations=14 (full 0):
 garbage-first heap   total 216064K, used 25121K [0x0000000081600000, 0x0000000100000000)
  region size 1024K, 1 young (1024K), 1 survivors (1024K)
 Metaspace       used 58493K, capacity 60058K, committed 60160K, reserved 1101824K
  class space    used 7233K, capacity 7877K, committed 7936K, reserved 1048576K
}
Event: 8519.703 GC heap before
{Heap before GC invocations=15 (full 0):
 garbage-first heap   total 216064K, used 52769K [0x0000000081600000, 0x0000000100000000)
  region size 1024K, 28 young (28672K), 1 survivors (1024K)
 Metaspace       used 58695K, capacity 60101K, committed 60672K, reserved 1101824K
  class space    used 7161K, capacity 7736K, committed 7936K, reserved 1048576K
}
Event: 8519.734 GC heap after
{Heap after GC invocations=16 (full 0):
 garbage-first heap   total 216064K, used 25061K [0x0000000081600000, 0x0000000100000000)
  region size 1024K, 1 young (1024K), 1 survivors (1024K)
 Metaspace       used 58695K, capacity 60101K, committed 60672K, reserved 1101824K
  class space    used 7161K, capacity 7736K, committed 7936K, reserved 1048576K
}

