# JRE version: Java(TM) SE Runtime Environment (11.0.4+10) (build 11.0.4+10-LTS)
# Java VM: Java HotSpot(TM) 64-Bit Server VM (11.0.4+10-LTS, mixed mode, tiered, compressed oops, g1 gc, windows-amd64)
Heap:
 garbage-first heap   total 157696K, used 67390K [0x0000000081600000, 0x0000000100000000)
  region size 1024K, 33 young (33792K), 4 survivors (4096K)
 Metaspace       used 80316K, capacity 82480K, committed 82688K, reserved 1120256K
  class space    used 10049K, capacity 10888K, committed 11008K, reserved 1048576K
GC Heap History (10 events):
Event: 23.347 GC heap before
{Heap before GC invocations=15 (full 0):
 garbage-first heap   total 157696K, used 112538K [0x0000000081600000, 0x0000000100000000)
  region size 1024K, 90 young (92160K), 6 survivors (6144K)
 Metaspace       used 67698K, capacity 69511K, committed 69760K, reserved 1110016K
  class space    used 8640K, capacity 9328K, committed 9344K, reserved 1048576K
}
Event: 23.368 GC heap after
{Heap after GC invocations=16 (full 0):
 garbage-first heap   total 157696K, used 31813K [0x0000000081600000, 0x0000000100000000)
  region size 1024K, 11 young (11264K), 11 survivors (11264K)
 Metaspace       used 67698K, capacity 69511K, committed 69760K, reserved 1110016K
  class space    used 8640K, capacity 9328K, committed 9344K, reserved 1048576K
}
Event: 514.416 GC heap before
{Heap before GC invocations=16 (full 0):
 garbage-first heap   total 157696K, used 114757K [0x0000000081600000, 0x0000000100000000)
  region size 1024K, 92 young (94208K), 11 survivors (11264K)
 Metaspace       used 77481K, capacity 79514K, committed 79616K, reserved 1118208K
  class space    used 9902K, capacity 10710K, committed 10752K, reserved 1048576K
}
Event: 514.438 GC heap after
{Heap after GC invocations=17 (full 0):
 garbage-first heap   total 157696K, used 36151K [0x0000000081600000, 0x0000000100000000)
  region size 1024K, 10 young (10240K), 10 survivors (10240K)
 Metaspace       used 77481K, capacity 79514K, committed 79616K, reserved 1118208K
  class space    used 9902K, capacity 10710K, committed 10752K, reserved 1048576K
}
Event: 2765.160 GC heap before
{Heap before GC invocations=17 (full 0):
 garbage-first heap   total 157696K, used 119095K [0x0000000081600000, 0x0000000100000000)
  region size 1024K, 91 young (93184K), 10 survivors (10240K)
 Metaspace       used 78390K, capacity 80480K, committed 80768K, reserved 1120256K
  class space    used 9932K, capacity 10760K, committed 10880K, reserved 1048576K
}
Event: 2765.279 GC heap after
{Heap after GC invocations=18 (full 0):
 garbage-first heap   total 157696K, used 38181K [0x0000000081600000, 0x0000000100000000)
  region size 1024K, 7 young (7168K), 7 survivors (7168K)
 Metaspace       used 78390K, capacity 80480K, committed 80768K, reserved 1120256K
  class space    used 9932K, capacity 10760K, committed 10880K, reserved 1048576K
}
Event: 4971.805 GC heap before
{Heap before GC invocations=18 (full 0):
 garbage-first heap   total 157696K, used 122149K [0x0000000081600000, 0x0000000100000000)
  region size 1024K, 89 young (91136K), 7 survivors (7168K)
 Metaspace       used 79738K, capacity 81892K, committed 82176K, reserved 1120256K
  class space    used 10049K, capacity 10888K, committed 11008K, reserved 1048576K
}
Event: 4971.851 GC heap after
{Heap after GC invocations=19 (full 0):
 garbage-first heap   total 157696K, used 38237K [0x0000000081600000, 0x0000000100000000)
  region size 1024K, 7 young (7168K), 7 survivors (7168K)
 Metaspace       used 79738K, capacity 81892K, committed 82176K, reserved 1120256K
  class space    used 10049K, capacity 10888K, committed 11008K, reserved 1048576K
}
Event: 7384.317 GC heap before
{Heap before GC invocations=19 (full 0):
 garbage-first heap   total 157696K, used 124253K [0x0000000081600000, 0x0000000100000000)
  region size 1024K, 91 young (93184K), 7 survivors (7168K)
 Metaspace       used 80044K, capacity 82215K, committed 82432K, reserved 1120256K
  class space    used 10049K, capacity 10888K, committed 11008K, reserved 1048576K
}
Event: 7384.332 GC heap after
{Heap after GC invocations=20 (full 0):
 garbage-first heap   total 157696K, used 38718K [0x0000000081600000, 0x0000000100000000)
  region size 1024K, 4 young (4096K), 4 survivors (4096K)
 Metaspace       used 80044K, capacity 82215K, committed 82432K, reserved 1120256K
  class space    used 10049K, capacity 10888K, committed 11008K, reserved 1048576K
}

