# JRE version: Java(TM) SE Runtime Environment (11.0.4+10) (build 11.0.4+10-LTS)
# Java VM: Java HotSpot(TM) 64-Bit Server VM (11.0.4+10-LTS, mixed mode, tiered, compressed oops, g1 gc, windows-amd64)
Heap:
 garbage-first heap   total 131072K, used 57298K [0x0000000081600000, 0x0000000100000000)
  region size 1024K, 30 young (30720K), 1 survivors (1024K)
 Metaspace       used 56661K, capacity 58721K, committed 58880K, reserved 1099776K
  class space    used 7285K, capacity 8089K, committed 8192K, reserved 1048576K
GC Heap History (10 events):
Event: 12.138 GC heap before
{Heap before GC invocations=10 (full 0):
 garbage-first heap   total 131072K, used 90969K [0x0000000081600000, 0x0000000100000000)
  region size 1024K, 76 young (77824K), 6 survivors (6144K)
 Metaspace       used 47049K, capacity 48743K, committed 48896K, reserved 1091584K
  class space    used 6144K, capacity 6821K, committed 6912K, reserved 1048576K
}
Event: 12.152 GC heap after
{Heap after GC invocations=11 (full 0):
 garbage-first heap   total 131072K, used 23440K [0x0000000081600000, 0x0000000100000000)
  region size 1024K, 8 young (8192K), 8 survivors (8192K)
 Metaspace       used 47049K, capacity 48743K, committed 48896K, reserved 1091584K
  class space    used 6144K, capacity 6821K, committed 6912K, reserved 1048576K
}
Event: 38.314 GC heap before
{Heap before GC invocations=11 (full 0):
 garbage-first heap   total 131072K, used 92048K [0x0000000081600000, 0x0000000100000000)
  region size 1024K, 76 young (77824K), 8 survivors (8192K)
 Metaspace       used 55112K, capacity 57072K, committed 57344K, reserved 1099776K
  class space    used 7147K, capacity 7919K, committed 7936K, reserved 1048576K
}
Event: 38.335 GC heap after
{Heap after GC invocations=12 (full 0):
 garbage-first heap   total 131072K, used 27081K [0x0000000081600000, 0x0000000100000000)
  region size 1024K, 9 young (9216K), 9 survivors (9216K)
 Metaspace       used 55112K, capacity 57072K, committed 57344K, reserved 1099776K
  class space    used 7147K, capacity 7919K, committed 7936K, reserved 1048576K
}
Event: 4703.962 GC heap before
{Heap before GC invocations=12 (full 0):
 garbage-first heap   total 131072K, used 94665K [0x0000000081600000, 0x0000000100000000)
  region size 1024K, 76 young (77824K), 9 survivors (9216K)
 Metaspace       used 56437K, capacity 58459K, committed 58624K, reserved 1099776K
  class space    used 7284K, capacity 8087K, committed 8192K, reserved 1048576K
}
Event: 4704.943 GC heap after
{Heap after GC invocations=13 (full 0):
 garbage-first heap   total 131072K, used 28661K [0x0000000081600000, 0x0000000100000000)
  region size 1024K, 6 young (6144K), 6 survivors (6144K)
 Metaspace       used 56437K, capacity 58459K, committed 58624K, reserved 1099776K
  class space    used 7284K, capacity 8087K, committed 8192K, reserved 1048576K
}
Event: 4767.431 GC heap before
{Heap before GC invocations=13 (full 0):
 garbage-first heap   total 131072K, used 29685K [0x0000000081600000, 0x0000000100000000)
  region size 1024K, 7 young (7168K), 6 survivors (6144K)
 Metaspace       used 56437K, capacity 58459K, committed 58624K, reserved 1099776K
  class space    used 7284K, capacity 8087K, committed 8192K, reserved 1048576K
}
Event: 4767.440 GC heap after
{Heap after GC invocations=14 (full 0):
 garbage-first heap   total 131072K, used 29358K [0x0000000081600000, 0x0000000100000000)
  region size 1024K, 1 young (1024K), 1 survivors (1024K)
 Metaspace       used 56437K, capacity 58459K, committed 58624K, reserved 1099776K
  class space    used 7284K, capacity 8087K, committed 8192K, reserved 1048576K
}
Event: 6647.032 GC heap before
{Heap before GC invocations=14 (full 0):
 garbage-first heap   total 131072K, used 53934K [0x0000000081600000, 0x0000000100000000)
  region size 1024K, 25 young (25600K), 1 survivors (1024K)
 Metaspace       used 56437K, capacity 58459K, committed 58624K, reserved 1099776K
  class space    used 7284K, capacity 8087K, committed 8192K, reserved 1048576K
}
Event: 6647.035 GC heap after
{Heap after GC invocations=15 (full 0):
 garbage-first heap   total 131072K, used 28626K [0x0000000081600000, 0x0000000100000000)
  region size 1024K, 1 young (1024K), 1 survivors (1024K)
 Metaspace       used 56437K, capacity 58459K, committed 58624K, reserved 1099776K
  class space    used 7284K, capacity 8087K, committed 8192K, reserved 1048576K
}

